[2021-05-10 17:41:47] Debug:   Git refspec: GITDIR-NOTFOUND
[2021-05-10 17:41:47] Debug:   Git SHA1:    GITDIR-NOTFOUND
[2021-05-10 17:41:47] Debug:   Git status:  HEAD-HASH-NOTFOUND
[2021-05-10 17:41:47] Debug:   Host name:   Xayahs-MacBook-Pro.local
[2021-05-10 17:41:47] Info:    OpenGL version 2.1
[2021-05-10 17:41:47] Info:    Using GLEW 2.1.0
[2021-05-10 17:41:47] Info:    Vendor: Intel Inc.
[2021-05-10 17:41:47] Info:    Renderer: Intel(R) Iris(TM) Plus Graphics 655
[2021-05-10 17:41:47] Info:    Version: 2.1 INTEL-16.2.16
[2021-05-10 17:41:47] Info:    Load scene file: /Users/polaris/Desktop/Graphics/FrameWorks/PositionBasedDynamics-1.8-1/data/scenes/PileScene.json
[2021-05-10 17:41:47] Info:    Loading /Users/polaris/Desktop/Graphics/FrameWorks/PositionBasedDynamics-1.8-1/data/models/cube.obj
[2021-05-10 17:41:47] Info:    Number of triangles: 12
[2021-05-10 17:41:47] Info:    Number of vertices: 8
[2021-05-10 17:41:47] Info:    Loading /Users/polaris/Desktop/Graphics/FrameWorks/PositionBasedDynamics-1.8-1/data/models/cylinder.obj
[2021-05-10 17:41:47] Info:    Number of triangles: 760
[2021-05-10 17:41:47] Info:    Number of vertices: 382
[2021-05-10 17:41:47] Info:    Loading /Users/polaris/Desktop/Graphics/FrameWorks/PositionBasedDynamics-1.8-1/data/models/bunny_10k.obj
[2021-05-10 17:41:47] Info:    Number of triangles: 10000
[2021-05-10 17:41:47] Info:    Number of vertices: 5002
[2021-05-10 17:41:47] Info:    Load SDF: /Users/polaris/Desktop/Graphics/FrameWorks/PositionBasedDynamics-1.8-1/data/sdf/bunny_10k.csdf
[2021-05-10 17:41:47] Info:    Loading /Users/polaris/Desktop/Graphics/FrameWorks/PositionBasedDynamics-1.8-1/data/models/armadillo.obj
[2021-05-10 17:41:48] Info:    Number of triangles: 30000
[2021-05-10 17:41:48] Info:    Number of vertices: 15002
[2021-05-10 17:41:48] Info:    Load cached SDF: /Users/polaris/Desktop/Graphics/FrameWorks/PositionBasedDynamics-1.8-1/data/scenes/Cache/armadillo.obj_10_10_10.csdf
